[usr]https://api.soundcloud.com/resolve?url=https://soundcloud.com/j4ix&client_id=Ud2k52mOdIEuIAUogCnrcqEgJOKrcIbv
[cat]https://api-v2.soundcloud.com/users/210604704/likes?limit=200&client_id=Ud2k52mOdIEuIAUogCnrcqEgJOKrcIbv
[cat]https://api-v2.soundcloud.com/users/210604704/likes?offset=1576268006838367&limit=200&client_id=Ud2k52mOdIEuIAUogCnrcqEgJOKrcIbv
[cat]https://api-v2.soundcloud.com/users/210604704/likes?offset=1557853648722575&limit=200&client_id=Ud2k52mOdIEuIAUogCnrcqEgJOKrcIbv
[cat]https://api-v2.soundcloud.com/users/210604704/likes?offset=1528827024476940&limit=200&client_id=Ud2k52mOdIEuIAUogCnrcqEgJOKrcIbv
[cat]https://api-v2.soundcloud.com/users/210604704/likes?offset=1512612927552721&limit=200&client_id=Ud2k52mOdIEuIAUogCnrcqEgJOKrcIbv
[cat]https://api-v2.soundcloud.com/users/210604704/likes?offset=1486157257222078&limit=200&client_id=Ud2k52mOdIEuIAUogCnrcqEgJOKrcIbv
[inf][1][92]"ColBreakz & Dead Critic - A Happy Day (Kill The Copyright FREE RELEASE)" fucking exists already...
[inf][2][91]"MadRats - Tonight (Kill The Copyright Release)" fucking exists already...
[inf][3][90]"Audiowrx - Neverland" fucking exists already...
[inf][4][89]"DatPhoria - Scream It Loud [EDM.com Exclusive]" fucking exists already...
[inf][5][88]"My Own Enemy" fucking exists already...
[inf][6][87]"Azazal - Tabby (Kill The Copyright FREE RELEASE)" fucking exists already...
[inf][7][86]downloading "ColBreakz - 5.000 (Kill The Copyright FREE RELEASE)"...
[api][7][86]https://api-v2.soundcloud.com/media/soundcloud:tracks:234114374/f3703b55-fe1f-45d3-bb31-5ff66bb207c1/stream/progressive?client_id=Ud2k52mOdIEuIAUogCnrcqEgJOKrcIbv
[dow][7][86]https://soundcloud.com/killthecopyright/colbreakz-5000-kill-the-copyright-free-release -> https://cf-media.sndcdn.com/sM7HYjlWhrCN.128.mp3?Policy=eyJTdGF0ZW1lbnQiOlt7IlJlc291cmNlIjoiKjovL2NmLW1lZGlhLnNuZGNkbi5jb20vc003SFlqbFdockNOLjEyOC5tcDMiLCJDb25kaXRpb24iOnsiRGF0ZUxlc3NUaGFuIjp7IkFXUzpFcG9jaFRpbWUiOjE1ODIwOTAzOTR9fX1dfQ__&Signature=JLSEfVAGDQmQ5z7Dfw37YSjcQChuqfL-kFV3LeIx8R7WaYJy7wmOusVboWZX~tkw9mF5eY8dt3FG1sfzHuSYLa68JbUdG1KJ9Ql~RXzG6MBqlFrxKYOnSLCVtTXH2WouUWe~e4vB430YkZXF0n-WnBkgPFmwKbcifSv0hsz2o2KdTnlMVkfWEqMFXqmcgW9pO6PUnNG2m6V5q8-QzZNGfYk7BFhbKJ2kkmEiZa1JWuIGYorbMyy0qw64dg-bVc4xF1GSi-nqetkcNjd15ZuJeO9X8-IfQlAGJ7sDLrvw0DEf5YP825j17ksecK8bOBAOtqf7R6cWq-bP702coNmd9Q__&Key-Pair-Id=APKAI6TU7MMXM5DG6EPQ
[api][7][86]https://api.soundcloud.com/tracks/234114374?client_id=Ud2k52mOdIEuIAUogCnrcqEgJOKrcIbv
[inf][7][86]Kill The Copyright
[img][7][86]https://i1.sndcdn.com/artworks-000136920894-reezxt-t500x500.jpg
[inf][8][85]downloading "Equinox"...
[api][8][85]https://api-v2.soundcloud.com/media/soundcloud:tracks:212396625/ae5e93c2-f0b8-4f4c-aadf-fe57d32d3df7/stream/progressive?client_id=Ud2k52mOdIEuIAUogCnrcqEgJOKrcIbv
[dow][8][85]https://soundcloud.com/officialvoid/equinox -> https://cf-media.sndcdn.com/G55VEX6qZRrV.128.mp3?Policy=eyJTdGF0ZW1lbnQiOlt7IlJlc291cmNlIjoiKjovL2NmLW1lZGlhLnNuZGNkbi5jb20vRzU1VkVYNnFaUnJWLjEyOC5tcDMiLCJDb25kaXRpb24iOnsiRGF0ZUxlc3NUaGFuIjp7IkFXUzpFcG9jaFRpbWUiOjE1ODIwOTA0MTB9fX1dfQ__&Signature=XQt1C4Dabh2O~m-XOFhQdYZJ6vSB63bJ3VmE5bOOCNhR--gLe8aGFYFiQtF9nV3ERgSvyti1RxnbFaUC2Moer8sqDQQ9snvaWKmJGXX6cywB6aESp0G3BKR8D51yXmfkPYux2d4uKQGsZQgDVjrBv~45bZTIk1jgBywsoJzLHfe61wo44jjDUZwCZQhIvNc4nXu8qld-ZxHBvwuwrxbqH2eYPp6QWdlJCM38EY2fLNy8hKjrRqWZGgdw382CdcezhXYq9k8rUntzX7ZQWfqZW72xQyPbB9~MBvi9FFrusV9MSBkIMBUWeiHhdNFu~gq49qyltJvmG4S7hQWNbcQyWg__&Key-Pair-Id=APKAI6TU7MMXM5DG6EPQ
[api][8][85]https://api.soundcloud.com/tracks/212396625?client_id=Ud2k52mOdIEuIAUogCnrcqEgJOKrcIbv
[inf][8][85]Dubstep
[img][8][85]https://i1.sndcdn.com/artworks-000121742189-4gxhv9-t500x500.jpg
[inf][9][84]downloading "Brillz & Ghastly - Hawt (Getter Remix)"...
[api][9][84]https://api-v2.soundcloud.com/media/soundcloud:tracks:237835639/8ed91fa8-3c98-4f3a-9a52-9ca3e9e65913/stream/progressive?client_id=Ud2k52mOdIEuIAUogCnrcqEgJOKrcIbv
[dow][9][84]https://soundcloud.com/getterofficial/brillz-ghastly-hawt-getter-remix -> https://cf-media.sndcdn.com/uxl6it3l5uaa.128.mp3?Policy=eyJTdGF0ZW1lbnQiOlt7IlJlc291cmNlIjoiKjovL2NmLW1lZGlhLnNuZGNkbi5jb20vdXhsNml0M2w1dWFhLjEyOC5tcDMiLCJDb25kaXRpb24iOnsiRGF0ZUxlc3NUaGFuIjp7IkFXUzpFcG9jaFRpbWUiOjE1ODIwOTAzODR9fX1dfQ__&Signature=AYPOkAfoZut422kba4ojF6R600P-XSNXKOPvOCnY-tfLLeqnH1S6ZJNy31dJEKhAfNkyXLGX~4bjDoND2D7hwLqLao0wwdVRuvNelyaT5ymWwAKT7i5LvVDhkMWwyxI8cB3SH3wj6soZB02Wd17~e0fyeoaEsX~LF-7Y93y1wiXcNHqZx3irIKtEfDFJ9geMyldkDE~l6IwgIQBuigQY~Hi4TRx~fAgaNtr3pTjr-J1cEljyonE7TjyydUrh8nuZ3K1d2VJ4fHOk05ezWT~km3b8CydzGe9XC6bzG94rqLA9fQ8kPhtqMQOxMxwUH65T8y-xYI3SxlgCUxsWI4A8wQ__&Key-Pair-Id=APKAI6TU7MMXM5DG6EPQ
[api][9][84]https://api.soundcloud.com/tracks/237835639?client_id=Ud2k52mOdIEuIAUogCnrcqEgJOKrcIbv
[inf][9][84]Remix
[img][9][84]https://i1.sndcdn.com/artworks-000143298400-kdm12z-t500x500.jpg
[inf][10][83]downloading "Next To You feat. Savoi (Barely Alive & Virtual Riot Remix)"...
[api][10][83]https://api-v2.soundcloud.com/media/soundcloud:tracks:280888762/af05076a-77d9-4644-8141-27f651f5063a/stream/progressive?client_id=Ud2k52mOdIEuIAUogCnrcqEgJOKrcIbv
[dow][10][83]https://soundcloud.com/theldru/next-to-you-feat-savoi-barely-alive-virtual-riot-remix -> https://cf-media.sndcdn.com/Qf9Q3zND5TE6.128.mp3?Policy=eyJTdGF0ZW1lbnQiOlt7IlJlc291cmNlIjoiKjovL2NmLW1lZGlhLnNuZGNkbi5jb20vUWY5UTN6TkQ1VEU2LjEyOC5tcDMiLCJDb25kaXRpb24iOnsiRGF0ZUxlc3NUaGFuIjp7IkFXUzpFcG9jaFRpbWUiOjE1ODIwOTAzOTh9fX1dfQ__&Signature=G7EPqL6~pf6kfxG5caBn1PCzjxiSEhSZ1pF9zlbazfB~YeR6Vk8DDanhpqsXGdaX5eOqKhwrg8Xhp4w2AQCgt~5FqBKzP-UEB6d9WVYC0Gm9ROTslBU7iA2TvXoGguFIVwW9qFtiWPNOm8HI2gB3QC-yV0nNDIdDjycMwRnFnvxDVX6udRkaxQ7H4lnn~qU4aioz-WN8ecZJmogRihmS8QQyPPzQna2ULzKi5hGWqCsWL-B1QObFPqiHgIYKt4NkzkLWV361YNcQ3lgmLo55rLBZN9E0V6GurobiFXP9K2hH2vEkPT1ZZqVNg-CGc3EHOg9vPHu4K-PIO82RhioD6A__&Key-Pair-Id=APKAI6TU7MMXM5DG6EPQ
[api][10][83]https://api.soundcloud.com/tracks/280888762?client_id=Ud2k52mOdIEuIAUogCnrcqEgJOKrcIbv
[inf][10][83]LDRU
[img][10][83]https://i1.sndcdn.com/artworks-000179931392-chsebc-t500x500.jpg
[inf][11][82]downloading "Boiria - Your Time"...
[api][11][82]https://api-v2.soundcloud.com/media/soundcloud:tracks:232093661/97ca72a3-50cb-4fe2-87a5-42e04c99badb/stream/progressive?client_id=Ud2k52mOdIEuIAUogCnrcqEgJOKrcIbv
[dow][11][82]https://soundcloud.com/dubstepgutter/boiria-your-time -> https://cf-media.sndcdn.com/scChr6DNxY5p.128.mp3?Policy=eyJTdGF0ZW1lbnQiOlt7IlJlc291cmNlIjoiKjovL2NmLW1lZGlhLnNuZGNkbi5jb20vc2NDaHI2RE54WTVwLjEyOC5tcDMiLCJDb25kaXRpb24iOnsiRGF0ZUxlc3NUaGFuIjp7IkFXUzpFcG9jaFRpbWUiOjE1ODIwOTA0NTd9fX1dfQ__&Signature=Dew4N0wCI0tI-oVkgbayeOM9H2JNclwOdUUXynFLEafCJbKJwmYER0xNa2xVrVMX98O~nTNQjBH-gDO3JpDt6oIepjtEUZTdLwViac3mBIclsxfk4s8O9Dd~jRRFkQJlTDt~bn0awKqZnRmyXgAHcTbLii2quH0sURbasHIOdkr6NmdxIJMyJiwX44cm1e~maOswYkt~JReBPioW4l8kz1WUtvnfdCkNUaqzZuOIFDqqe4MSxphFko6fqyIPHMgURi2byirhYfxfLGp3YohhRhdWrLHDXYezaq~-9IS2sLmFL9ogkxGYhFggYHCQLXYr9fc-Au8uw~azfBHQXCSwQg__&Key-Pair-Id=APKAI6TU7MMXM5DG6EPQ
[api][11][82]https://api.soundcloud.com/tracks/232093661?client_id=Ud2k52mOdIEuIAUogCnrcqEgJOKrcIbv
[inf][11][82]Dubstep
[img][11][82]https://i1.sndcdn.com/artworks-000135434111-h3n9sh-t500x500.jpg
[inf][12][81]downloading "Too Vain - Annihilate [SEASON PREMIERE]"...
[api][12][81]https://api-v2.soundcloud.com/media/soundcloud:tracks:264089572/1f3ec4d3-f455-41e9-bffc-d7eba7b325df/stream/progressive?client_id=Ud2k52mOdIEuIAUogCnrcqEgJOKrcIbv
[dow][12][81]https://soundcloud.com/dubstepgutter/too-vain-annihilate-premiere -> https://cf-media.sndcdn.com/J6fkENsLfxBI.128.mp3?Policy=eyJTdGF0ZW1lbnQiOlt7IlJlc291cmNlIjoiKjovL2NmLW1lZGlhLnNuZGNkbi5jb20vSjZma0VOc0xmeEJJLjEyOC5tcDMiLCJDb25kaXRpb24iOnsiRGF0ZUxlc3NUaGFuIjp7IkFXUzpFcG9jaFRpbWUiOjE1ODIwOTAzMTZ9fX1dfQ__&Signature=MkdpeJ24bVOe7Xj7G01ivCOZaWAUxi~D5fZmiOWgAwMEiR9ZWk-ADOWsCLgNJtZ5nbWhw3WJcI3365coxAvBqncmfvdPS2l3UgzgTSFvIRfhhHLtt9CFXqby2RVnPY7lR30KpYbh3cn7lYD7PGeD3q2oOcU5lawZQBDYdotu9VHLIdUMF8puxpIthAvk7V7Rdw~jMC5ED01W7GhF94wXqkLk210-hRrVung-eYficNwBKl94uBdXoS8u4T3VzS2UkFVjsJFaA7eaJQMKks-xXghG6Ke-XNrav-L8f-XdrmbjR5nooF0NEI5ILC-24rtqP6GPbSL~siBhkmHQvEARhg__&Key-Pair-Id=APKAI6TU7MMXM5DG6EPQ
[api][12][81]https://api.soundcloud.com/tracks/264089572?client_id=Ud2k52mOdIEuIAUogCnrcqEgJOKrcIbv
[inf][12][81]Dubstep
[img][12][81]https://i1.sndcdn.com/artworks-000162805827-df31kb-t500x500.jpg
[inf][13][80]downloading "OmegaMode - Skies of Fire (On iTunes )"...
[api][13][80]https://api-v2.soundcloud.com/media/soundcloud:tracks:177333373/8c7219e8-aac1-4027-87fc-cd890009e724/stream/progressive?client_id=Ud2k52mOdIEuIAUogCnrcqEgJOKrcIbv
[dow][13][80]https://soundcloud.com/omegamodeofficial/omegamode-skies-of-fire -> https://cf-media.sndcdn.com/VRGJgARc7h5i.128.mp3?Policy=eyJTdGF0ZW1lbnQiOlt7IlJlc291cmNlIjoiKjovL2NmLW1lZGlhLnNuZGNkbi5jb20vVlJHSmdBUmM3aDVpLjEyOC5tcDMiLCJDb25kaXRpb24iOnsiRGF0ZUxlc3NUaGFuIjp7IkFXUzpFcG9jaFRpbWUiOjE1ODIwOTAzODl9fX1dfQ__&Signature=L6PJP88Pk3hg30xghWxfSYDnK9n4O7SzSP0j52NWNDNQ8cR9C44LEzjXY8LxehVt40yGr0e2dEsvctbmXOKbG4KzCiLSUDh5HjgqB90Y2s61G1PWiStB3gLkr-MD78IJRNNZYR9Sw3ILsGgjIVVL1YwwA1A2iZeYpthxfP~6Ru-1sCMS4vkFZXp25FLCeMgcsF9DbN7PtItC9FH90gtvc92nRrVcmkwT380cnLf88n-ykpn0eOQSEoYsy9ZaCv1KOV8tv4PLrM0~qUo8mShOZQ0BADEBV1g9GEkyOKkJiFRblKmTSC1TvqPcaDcPW5JAX4WBn9MYYi1zaGWYP~m6nA__&Key-Pair-Id=APKAI6TU7MMXM5DG6EPQ
[api][13][80]https://api.soundcloud.com/tracks/177333373?client_id=Ud2k52mOdIEuIAUogCnrcqEgJOKrcIbv
[inf][13][80]Dubstep
[img][13][80]https://i1.sndcdn.com/artworks-000097434724-anckpl-t500x500.jpg
[inf][14][79]downloading "Invaders"...
[api][14][79]https://api-v2.soundcloud.com/media/soundcloud:tracks:280406256/6ba80264-039c-4e68-b2d7-72535a5ea811/stream/progressive?client_id=Ud2k52mOdIEuIAUogCnrcqEgJOKrcIbv
[dow][14][79]https://soundcloud.com/zomboy/invaders -> https://cf-media.sndcdn.com/81TG5MpENvC2.128.mp3?Policy=eyJTdGF0ZW1lbnQiOlt7IlJlc291cmNlIjoiKjovL2NmLW1lZGlhLnNuZGNkbi5jb20vODFURzVNcEVOdkMyLjEyOC5tcDMiLCJDb25kaXRpb24iOnsiRGF0ZUxlc3NUaGFuIjp7IkFXUzpFcG9jaFRpbWUiOjE1ODIwOTA0MDd9fX1dfQ__&Signature=UOb6~7KzbdBYtfr820SR-0YQtBXYr07lwRfc4crGHDaejsgAfYgeqbLNkIpHlXlhBlxTtl4Ckx7wksOBO7Bc6tUWgWAYyosyG8~OqQVu7hPstBR0Eg2F29QfBC9QA2Qd3u6f~SXbPAefup53J6D5fVZiQ~2gDT7sdSmAJT~9C1t91OKHsd4Z1pZJ064O8dG2Y~I02mUB8eLOigd2eDfHUbkn3TsHegCmqX695FfHBfK44asoVfAQf56O6J505jIQab6bArrDvSkKuhxWiedDi2NlD0gdD4o~ON7LMgw0SBwd-GMbJsSJnbsW2Xts75d2agHcW8i-FjO62yFWx5v0nA__&Key-Pair-Id=APKAI6TU7MMXM5DG6EPQ
[api][14][79]https://api.soundcloud.com/tracks/280406256?client_id=Ud2k52mOdIEuIAUogCnrcqEgJOKrcIbv
[inf][14][79]Dubstep
[img][14][79]https://i1.sndcdn.com/artworks-000179246069-6sw0yl-t500x500.jpg
[inf][15][78]downloading "The Frim - Doot Camp [Free Download]"...
[api][15][78]https://api-v2.soundcloud.com/media/soundcloud:tracks:245449029/7ff5be99-e5cf-41b4-a3e8-722b18a0d178/stream/progressive?client_id=Ud2k52mOdIEuIAUogCnrcqEgJOKrcIbv
[dow][15][78]https://soundcloud.com/disciple/dootcamp -> https://cf-media.sndcdn.com/OzucPOCaDDxG.128.mp3?Policy=eyJTdGF0ZW1lbnQiOlt7IlJlc291cmNlIjoiKjovL2NmLW1lZGlhLnNuZGNkbi5jb20vT3p1Y1BPQ2FERHhHLjEyOC5tcDMiLCJDb25kaXRpb24iOnsiRGF0ZUxlc3NUaGFuIjp7IkFXUzpFcG9jaFRpbWUiOjE1ODIwOTAzNjl9fX1dfQ__&Signature=ZJW2faQKIAk694o~ZJ1W~Qj3VNAINUz-2VHeeCmWypM9pccw~ZlcSLICrviMdJ6mPXWkq59VLCnajWbZY9H51HBRw8jx1UUOidbu-6xGkWGu0OZctwuXAdFj4JzINvdsOeku8vVuEvpYc-EWMD9Z4~jvHdi8avn8Ei3k1E0eA7puUO2Wy7LX378MKQjyJMIGNhccuzXB-qpX9OBf8vQ1iIj0gnuyxhKmWtDA~VXqSSs4-H-9AmOMyTzMyI~DSHqIk2042V0qpGjNRIsW3w1lT~NmpIaEmwDr0ei-SEw8re1cV-F9jTj4CLGnEkyhdvhxq3K7Hgiqw2Shj9EENl3P7w__&Key-Pair-Id=APKAI6TU7MMXM5DG6EPQ
[api][15][78]https://api.soundcloud.com/tracks/245449029?client_id=Ud2k52mOdIEuIAUogCnrcqEgJOKrcIbv
[inf][15][78]DISC046
[img][15][78]https://i1.sndcdn.com/artworks-000145879552-rifihn-t500x500.jpg
[inf][16][77]downloading "Miles Away"...
[api][16][77]https://api-v2.soundcloud.com/media/soundcloud:tracks:250987255/10169a36-7ddb-4a80-8e2f-72744ad69d72/stream/progressive?client_id=Ud2k52mOdIEuIAUogCnrcqEgJOKrcIbv
[dow][16][77]https://soundcloud.com/zomboy/miles-away -> https://cf-media.sndcdn.com/KYZWFo3RIWOS.128.mp3?Policy=eyJTdGF0ZW1lbnQiOlt7IlJlc291cmNlIjoiKjovL2NmLW1lZGlhLnNuZGNkbi5jb20vS1laV0ZvM1JJV09TLjEyOC5tcDMiLCJDb25kaXRpb24iOnsiRGF0ZUxlc3NUaGFuIjp7IkFXUzpFcG9jaFRpbWUiOjE1ODIwOTAzMzN9fX1dfQ__&Signature=U4IW2CqG20LmdUA88UqLbJwCkc6Bzoa9PKgtg6Tc6a9AiLdBZYpeeGhM8MSBHuCOCAoKbsYFPgLSrJ9EUP1~FNXNzX~BUUhM-MN3XLKJT5tfZNF0wUBg-hAhXOCawiZ2Q2v2yL7OKHuTQcYPGVA6ZViY4OFE82Uc1eb60e98gAddJp-jiHRwa4~-eXxZp29m4gyVcp2vz2fVRzx7QybRlVxQuZW6jWJliuwx73VxraiRnAZk2adUP36DdDAKXGhGwwGNpNXKXpaQaCGsHDfb1TAMP72bA97EGBUcnM2Sgy-DbcJh6CUTzsCCRjUKvV7zdOhOn72dFvTkVK7agAqTrg__&Key-Pair-Id=APKAI6TU7MMXM5DG6EPQ
[api][16][77]https://api.soundcloud.com/tracks/250987255?client_id=Ud2k52mOdIEuIAUogCnrcqEgJOKrcIbv
[inf][16][77]Neon Grave
[img][16][77]https://i1.sndcdn.com/artworks-000173243873-l36e0k-t500x500.jpg
[inf][17][76]downloading "EH!DE & Omar Varela - Chicks And Alcohol Ft. Kanashiro"...
[api][17][76]https://api-v2.soundcloud.com/media/soundcloud:tracks:245952267/0c4675ed-5bc0-48ae-a3b4-97efe5d5d926/stream/progressive?client_id=Ud2k52mOdIEuIAUogCnrcqEgJOKrcIbv
[dow][17][76]https://soundcloud.com/omarvarelaofficial/ehde-omar-varela-chicks-and-alcohol-ft-kanashiro-original-mix -> https://cf-media.sndcdn.com/68AHjGeVthu0.128.mp3?Policy=eyJTdGF0ZW1lbnQiOlt7IlJlc291cmNlIjoiKjovL2NmLW1lZGlhLnNuZGNkbi5jb20vNjhBSGpHZVZ0aHUwLjEyOC5tcDMiLCJDb25kaXRpb24iOnsiRGF0ZUxlc3NUaGFuIjp7IkFXUzpFcG9jaFRpbWUiOjE1ODIwOTAzODl9fX1dfQ__&Signature=Dff-cL2oFwmwJPcDDYgwhWaBii4knLVDRXkH77MMmajjHVGN72FnOP5wqrH-WZYJW77QBozIkodOdOQU7VWe4NHaOyGEd6vinzpmyosrBU0Tvse2~hzMfz2l85lwszswbOgBQpfPOKhzRAcn2kXHg~5eVpXj9OfTwv4nspXfe6MvP9wU8FkgHUgjCPoNauH9k08aOCNj2SnCfNXyAYgUVsx4wWU3TrODMNBXINU~N3YkqDoht3XMqxiZArodtRQa8NjdCjf6aZNbIlG5HbRMepInDKu3Dvul-9HrY6OuDbwoy-RSZhylOU31JAWs5KA~7j7Na0qNxq6jt~q38myMGw__&Key-Pair-Id=APKAI6TU7MMXM5DG6EPQ
[api][17][76]https://api.soundcloud.com/tracks/245952267?client_id=Ud2k52mOdIEuIAUogCnrcqEgJOKrcIbv
[inf][17][76]Piratestep
[img][17][76]https://i1.sndcdn.com/artworks-000146284567-s5guvg-t500x500.jpg
[inf][18][75]downloading "Closer (Remix)"...
[api][18][75]https://api-v2.soundcloud.com/media/soundcloud:tracks:282965173/9c6831eb-7ceb-468f-9694-8bc26b14a781/stream/progressive?client_id=Ud2k52mOdIEuIAUogCnrcqEgJOKrcIbv
[dow][18][75]https://soundcloud.com/omarvarelaofficial/closer-omar-varela-remix -> https://cf-media.sndcdn.com/SmsNUzN16rHd.128.mp3?Policy=eyJTdGF0ZW1lbnQiOlt7IlJlc291cmNlIjoiKjovL2NmLW1lZGlhLnNuZGNkbi5jb20vU21zTlV6TjE2ckhkLjEyOC5tcDMiLCJDb25kaXRpb24iOnsiRGF0ZUxlc3NUaGFuIjp7IkFXUzpFcG9jaFRpbWUiOjE1ODIwOTAzNDl9fX1dfQ__&Signature=DI2X1W46ymzOE6ybtJRZTYghVpJWtnyhOSAs3VjwwguaSaoCsAha7MKh8afIojSnulRUvTlUM0qlhboJQSqfaKKZJ4KhlwTbVSj7pH8A9JLypR0cTIar-~euhPuAaG9S1LpXsjZn-fxtwLj32va4lHlcVtdx6CMdxSwxj64SC1V~hEFdZpAP5~AZr~hZRkb6w8ALgMivbOfdGlOt695yLnRETqCpsUZH-watJ3glMh7zVkV1xWo4MC-QrttgDaZ2DVv2b-hv30qE5sdMSIAC2V~T1lH6Ye6vAoXp2w4eAwl50O81pmj7OKuCQ00LuZ21G0ipY2WmzedEIuEI2nuRBQ__&Key-Pair-Id=APKAI6TU7MMXM5DG6EPQ
[api][18][75]https://api.soundcloud.com/tracks/282965173?client_id=Ud2k52mOdIEuIAUogCnrcqEgJOKrcIbv
[inf][18][75]Dubstep
[img][18][75]https://i1.sndcdn.com/artworks-000182634189-9892k9-t500x500.jpg
[inf][19][74]downloading "Ozero - Sapphire (ft. Our Enemies) [SEASON PREMIERE]"...
[api][19][74]https://api-v2.soundcloud.com/media/soundcloud:tracks:282737746/98d1a285-de80-4492-bb11-a65b83bfb32d/stream/progressive?client_id=Ud2k52mOdIEuIAUogCnrcqEgJOKrcIbv
[dow][19][74]https://soundcloud.com/dubstepgutter/sapphire -> https://cf-media.sndcdn.com/Tt1ZuGEAct0A.128.mp3?Policy=eyJTdGF0ZW1lbnQiOlt7IlJlc291cmNlIjoiKjovL2NmLW1lZGlhLnNuZGNkbi5jb20vVHQxWnVHRUFjdDBBLjEyOC5tcDMiLCJDb25kaXRpb24iOnsiRGF0ZUxlc3NUaGFuIjp7IkFXUzpFcG9jaFRpbWUiOjE1ODIwOTA0MDJ9fX1dfQ__&Signature=ZxHQvjTgqSOiq5UziCDSAvuXjKi8xWZSfI9QJMmCE5HvlEyGzu4q3iqeuzft5bncTGQ7mF3bpv-2FvSJeYwgUZTKC41xlJV1-mIQbX-sZLYRHvhekWX2V3sTS0UQBD8MYGrDNc7gE0o7RsJic4~jDufc3-X~TbuAk5G5b6lHytSe6M7aYOxC7ieB50PG1pT6~p1wXLI4nPPOyeGaej-I-QjShuHDkssNeMBxMDV18szlBeQYHCwVAwuJ4WshV5Z2IWFoF7XKc8IhGjW7rVzeP0LZhb0t4jH73FBbckqeHS6FUk--7GvgH5o-LrY9WfaBP4wjUtxUosRnMhzhRlWnZw__&Key-Pair-Id=APKAI6TU7MMXM5DG6EPQ
[api][19][74]https://api.soundcloud.com/tracks/282737746?client_id=Ud2k52mOdIEuIAUogCnrcqEgJOKrcIbv
[inf][19][74]Dubstep
[img][19][74]https://i1.sndcdn.com/artworks-000182197057-sbd4v4-t500x500.jpg
[inf][20][73]downloading "EXIDE - OTT"...
[api][20][73]https://api-v2.soundcloud.com/media/soundcloud:tracks:282594902/4d42f251-664a-4f12-a954-d8ffa488b13c/stream/progressive?client_id=Ud2k52mOdIEuIAUogCnrcqEgJOKrcIbv
[dow][20][73]https://soundcloud.com/dubstepgutter/exide-ott -> https://cf-media.sndcdn.com/Cj8S1s6dPCk9.128.mp3?Policy=eyJTdGF0ZW1lbnQiOlt7IlJlc291cmNlIjoiKjovL2NmLW1lZGlhLnNuZGNkbi5jb20vQ2o4UzFzNmRQQ2s5LjEyOC5tcDMiLCJDb25kaXRpb24iOnsiRGF0ZUxlc3NUaGFuIjp7IkFXUzpFcG9jaFRpbWUiOjE1ODIwOTAzMTR9fX1dfQ__&Signature=LbnUw4oqWV~bVNv4BIqKw27Ps3tz1JhLHh9jsN00Ezt16-mnT4uS8UvQVc6jHKk2NDqites6h~XXJbPLP3IkKRc7vmbH08mByTxu2zoBMzjxVs85ugfw4PozUpt4x-evh~dCLbdSt93tDGUZIOSiLkUnnBMtgU~Mhz~ssy~jJ~d8z7uu0kgryDJsfm71BSDa18sNUc0gy83O5~e7oHfEXr2Qks~J5YoquSlT41xELiFJyMlMVhf7GuHFnmFI20BaXKguaCqX2Skdee-I3c05q5tLWNfcOrFO08mKhr5lHUAHDWgdPPCqlFL0RY9~Xn3c9I9MCOrlWC4nvX0esjAOtQ__&Key-Pair-Id=APKAI6TU7MMXM5DG6EPQ
[api][20][73]https://api.soundcloud.com/tracks/282594902?client_id=Ud2k52mOdIEuIAUogCnrcqEgJOKrcIbv
[inf][20][73]Dubstep
[img][20][73]https://i1.sndcdn.com/artworks-000182049957-1gr09h-t500x500.jpg
[inf][21][72]downloading "NOGGER - Angry"...
[api][21][72]https://api-v2.soundcloud.com/media/soundcloud:tracks:283814691/963317bf-315b-4f2c-a3aa-631627fc8015/stream/progressive?client_id=Ud2k52mOdIEuIAUogCnrcqEgJOKrcIbv
[dow][21][72]https://soundcloud.com/dubstepgutter/nogger-angry -> https://cf-media.sndcdn.com/ENaroopUWR4H.128.mp3?Policy=eyJTdGF0ZW1lbnQiOlt7IlJlc291cmNlIjoiKjovL2NmLW1lZGlhLnNuZGNkbi5jb20vRU5hcm9vcFVXUjRILjEyOC5tcDMiLCJDb25kaXRpb24iOnsiRGF0ZUxlc3NUaGFuIjp7IkFXUzpFcG9jaFRpbWUiOjE1ODIwOTAzMzZ9fX1dfQ__&Signature=P3QwwstyTozGtXZqxrJmIrxv~Ct-BfjsK89atk~2yZ~GJ8XUU0GCwUsYBl-bIzGsyg8uVRRm1A2eTRkvLTYBVo55C11gljfA-SZxe8pFaCUcJvrxMtKDM00RdBWqLx-IAe4LeLJhCJZaJFvwAANA7bo4uZRboFXVoUCMo2M5aWod4kso67ZhjKL3dlkY0FyVbh9wkdWGFBwy1smK1rd-4fQzPa9U0IosDCTpZWCkoKgkDG52zcxj3ogRkia0t9TYZc4K245c9UavPRZT4upzQ0WrD4h-sQlEHA4buuLQr9d3N7oBVUwX0TDMxx8mfHyXb9Vu~v3NF1PuQKzFOEUL7g__&Key-Pair-Id=APKAI6TU7MMXM5DG6EPQ
[api][21][72]https://api.soundcloud.com/tracks/283814691?client_id=Ud2k52mOdIEuIAUogCnrcqEgJOKrcIbv
[inf][21][72]Dubstep
[img][21][72]https://i1.sndcdn.com/artworks-000183774770-x969gt-t500x500.jpg
[inf][22][71]downloading "Kaynein - Divergence"...
[api][22][71]https://api-v2.soundcloud.com/media/soundcloud:tracks:285467673/adc5b33d-0e95-4a28-9759-1fb41fd82865/stream/progressive?client_id=Ud2k52mOdIEuIAUogCnrcqEgJOKrcIbv
[dow][22][71]https://soundcloud.com/dubstepgutter/kaynein-divergence -> https://cf-media.sndcdn.com/Nh6Y7q1yiHYn.128.mp3?Policy=eyJTdGF0ZW1lbnQiOlt7IlJlc291cmNlIjoiKjovL2NmLW1lZGlhLnNuZGNkbi5jb20vTmg2WTdxMXlpSFluLjEyOC5tcDMiLCJDb25kaXRpb24iOnsiRGF0ZUxlc3NUaGFuIjp7IkFXUzpFcG9jaFRpbWUiOjE1ODIwOTA0MTF9fX1dfQ__&Signature=cYYSKadkp-ZyJP3PljT9kkd-BBocs2ZxHQZHWNB~zWDumkBvQVWpBYWFxsKCyl6FsfKg1C1PWYqDLEdbiOJsuyuk4fso2vX8AUPuet1QVDXTCUAvvgWikCHneX5K1n7SohXYGx2TMEKun8RnVieLJfB19ibbuqLPIhrUwQ5FUGG8DeMos7lywmWtS1ZQ4uyRvm9auMgo-B62nWm1UCymDM-Jq5QB9~0c~ONQsIq1qcyUbiqT-1iMwLvGd~aockxeyNCXVJgcPuIT-0cg61g8Kk9jOXU5AbsYanlbtUkjnawLmDeTLK9ee-kowgYM72MIHFSm1HWi7LFD8RPfUjyOSw__&Key-Pair-Id=APKAI6TU7MMXM5DG6EPQ
[api][22][71]https://api.soundcloud.com/tracks/285467673?client_id=Ud2k52mOdIEuIAUogCnrcqEgJOKrcIbv
[inf][22][71]Dubstep
[img][22][71]https://i1.sndcdn.com/artworks-000186057268-b33am0-t500x500.jpg
[inf][23][70]downloading "Adair - The Crossroads"...
[api][23][70]https://api-v2.soundcloud.com/media/soundcloud:tracks:286616403/d26e76cb-f056-49ac-a92e-1571297a49b3/stream/progressive?client_id=Ud2k52mOdIEuIAUogCnrcqEgJOKrcIbv
[dow][23][70]https://soundcloud.com/adairaudio/adair-the-crossroads-1 -> https://cf-media.sndcdn.com/mctRU66NwQcK.128.mp3?Policy=eyJTdGF0ZW1lbnQiOlt7IlJlc291cmNlIjoiKjovL2NmLW1lZGlhLnNuZGNkbi5jb20vbWN0UlU2Nk53UWNLLjEyOC5tcDMiLCJDb25kaXRpb24iOnsiRGF0ZUxlc3NUaGFuIjp7IkFXUzpFcG9jaFRpbWUiOjE1ODIwOTAzNTF9fX1dfQ__&Signature=Ojt5WZgE4Uu1tqSyqUShjYH~fh7lseAOvBhhfwCZRQ0ktZQIqRSJGyLKFSqKfdkq-Wp19nCBZDdFoK4bM7v9fUsg-MNLRX20ZDlprVSyXM-ix90yfA8WnmlIzOdzRTMTfK59KCPJmfUnAs2kFv1pzG9cr5kQf3VwtmdOEyKoCnEG31UPyJiZx95EqP6JXKaXIMVkBkPf2Fz1-XSPyXTc8ZflzuRgqUObWUUlIWrpyhuI8JGGmLI5LKmH19RA7oNPcVlEtm0-fYne5PfbS8gZk0A9i31wPGCsUdy2Q~9LiYN9L9x2Xa3TiSX706zPb1waL4cLkUqB9rWbp~8SYMWNsg__&Key-Pair-Id=APKAI6TU7MMXM5DG6EPQ
[api][23][70]https://api.soundcloud.com/tracks/286616403?client_id=Ud2k52mOdIEuIAUogCnrcqEgJOKrcIbv
[inf][23][70]Dubstep
[img][23][70]https://i1.sndcdn.com/artworks-000187183373-5j6paf-t500x500.jpg
[inf][24][69]downloading "Four Eyes & Static - Turn Away"...
[api][24][69]https://api-v2.soundcloud.com/media/soundcloud:tracks:286605799/02a79901-f0c3-4298-b972-fa0049d4cd52/stream/progressive?client_id=Ud2k52mOdIEuIAUogCnrcqEgJOKrcIbv
[dow][24][69]https://soundcloud.com/dubstepgutter/four-eyes-static-turn-away -> https://cf-media.sndcdn.com/3vJNtBH4LurM.128.mp3?Policy=eyJTdGF0ZW1lbnQiOlt7IlJlc291cmNlIjoiKjovL2NmLW1lZGlhLnNuZGNkbi5jb20vM3ZKTnRCSDRMdXJNLjEyOC5tcDMiLCJDb25kaXRpb24iOnsiRGF0ZUxlc3NUaGFuIjp7IkFXUzpFcG9jaFRpbWUiOjE1ODIwOTA0MTR9fX1dfQ__&Signature=L8D5zsbWtiVZdV8xBSDL1bhsmnzc-ZlZ6Wxm3PZlYrt7Z0ZbSupLx3~grwx1ZfmQv5U1hSt4N9eiyyiCM3xePsx-9epfzMyWygwDC3uj7Msm-c0NXfbZtSvp7ZLnv1n8wuVJUdOpB0KAbVcKYdOTsrxoMQ9BCm9BJ7NWOnp6XULfSnfd2kPFmr05TdeQxL2xck0syppIo2AMd1Tzj0yU-cKVa66vv-feaY8qGipJ~oaBzp3iSI7WRQDSYe-3v9cbqwG4CaDdRVMo98pe25m32T0FYjGrEze1jngHesEhxCQiLMv7h598IzugX4DNMIn89cRB40Mw~xP5Z3XqakfNnQ__&Key-Pair-Id=APKAI6TU7MMXM5DG6EPQ
[api][24][69]https://api.soundcloud.com/tracks/286605799?client_id=Ud2k52mOdIEuIAUogCnrcqEgJOKrcIbv
[inf][24][69]Dubstep
[img][24][69]https://i1.sndcdn.com/artworks-000187172162-umwyft-t500x500.jpg
[inf][25][68]downloading "Nasko - Desperate"...
[api][25][68]https://api-v2.soundcloud.com/media/soundcloud:tracks:286862575/7b64a27b-67e4-42a3-8cd6-a71bb70aa1e4/stream/progressive?client_id=Ud2k52mOdIEuIAUogCnrcqEgJOKrcIbv
[dow][25][68]https://soundcloud.com/dubstepgutter/nasko-desperate -> https://cf-media.sndcdn.com/CorLkGSBV9wz.128.mp3?Policy=eyJTdGF0ZW1lbnQiOlt7IlJlc291cmNlIjoiKjovL2NmLW1lZGlhLnNuZGNkbi5jb20vQ29yTGtHU0JWOXd6LjEyOC5tcDMiLCJDb25kaXRpb24iOnsiRGF0ZUxlc3NUaGFuIjp7IkFXUzpFcG9jaFRpbWUiOjE1ODIwOTAzNDZ9fX1dfQ__&Signature=GwrndgqdJ6tS30PCzaLyl~t-j141XQMKUqF~Q4AO1B2NgQwUQ6K8pA7vCKABo7W7USKGYkQkk8aLsFAJEYV3o8kjVuaU~WnchvNRcDDOoDlrKM0VENQY3LTUUrIpjRuBBsTACOwY6YDchmBpBo5EIMwOyaWauRHrSYNPbxS8mCpSeYsx3C6vZdbnjWOWve4wbUFc~Xyt5gHyLcQrLFwjikkfHGbYds1gEeK~p0L0MhQev-nL8b9-ujVSImYFGcn~v0GqboAwcSZ-~JdwbXCaRs7M1jl1EDUeDJdWIn76iM3XxFDCRfvPGvle3wQZgXyaNOaEBByeE-tmtQxMcf6VXA__&Key-Pair-Id=APKAI6TU7MMXM5DG6EPQ
[api][25][68]https://api.soundcloud.com/tracks/286862575?client_id=Ud2k52mOdIEuIAUogCnrcqEgJOKrcIbv
[inf][25][68]Dubstep
[img][25][68]https://i1.sndcdn.com/artworks-000187410186-ugrj55-t500x500.jpg
[inf][26][67]downloading "Eveeh - Unity"...
[api][26][67]https://api-v2.soundcloud.com/media/soundcloud:tracks:100476095/eaa1db04-ae83-4c86-86e0-9903b24fcc9f/stream/progressive?client_id=Ud2k52mOdIEuIAUogCnrcqEgJOKrcIbv
[dow][26][67]https://soundcloud.com/beverice/unity -> https://cf-media.sndcdn.com/9Yish0alX46T.128.mp3?Policy=eyJTdGF0ZW1lbnQiOlt7IlJlc291cmNlIjoiKjovL2NmLW1lZGlhLnNuZGNkbi5jb20vOVlpc2gwYWxYNDZULjEyOC5tcDMiLCJDb25kaXRpb24iOnsiRGF0ZUxlc3NUaGFuIjp7IkFXUzpFcG9jaFRpbWUiOjE1ODIwOTA0ODZ9fX1dfQ__&Signature=GmfGG4A5ZG88jY4WHU6QS6yanU5z04HyP-ABoJZ-TCdXz5~8JpHtbsGoAkzXlLA6ixZErIjqkKY3KBOIZ9e5cOmxBUZFcx1Fdx~-gyVAno~NTQo8NHFJXMG3pXL99~l2~ZQcTb5TqQ9691ck~i~4qTiLdZguytaGV4HturUUuyROYUUWZnB1DDV~9PgDfBdlkKccx04AjyjpjFv9OzNVT4kJQLHagV4ZFat7MBM2IBhfzMf0rP8WhhTo~R-Qfd0lBgPGCqCDl9muiKjpXywDTNvqlEWE~JfHBb7N0UxZU9LXGgYo0PUsR5JXMb86LhlvIrxQJ37FEwRMMp2bVnOViQ__&Key-Pair-Id=APKAI6TU7MMXM5DG6EPQ
[api][26][67]https://api.soundcloud.com/tracks/100476095?client_id=Ud2k52mOdIEuIAUogCnrcqEgJOKrcIbv
[inf][26][67]cheel
[img][26][67]https://i1.sndcdn.com/avatars-000051051298-spaz0q-t500x500.jpg
[inf][27][66]downloading "PPAP Pen Pineapple Apple Pen (Remix) (Support me on iTunes <3)"...
[api][27][66]https://api-v2.soundcloud.com/media/soundcloud:tracks:285758845/7305ed5b-fc48-40d5-b042-6ca3772aa917/stream/progressive?client_id=Ud2k52mOdIEuIAUogCnrcqEgJOKrcIbv
[dow][27][66]https://soundcloud.com/dj-boiria/ppap-pen-pineapple-apple-pen-boiria-remix -> https://cf-media.sndcdn.com/iFKmyrXNdL30.128.mp3?Policy=eyJTdGF0ZW1lbnQiOlt7IlJlc291cmNlIjoiKjovL2NmLW1lZGlhLnNuZGNkbi5jb20vaUZLbXlyWE5kTDMwLjEyOC5tcDMiLCJDb25kaXRpb24iOnsiRGF0ZUxlc3NUaGFuIjp7IkFXUzpFcG9jaFRpbWUiOjE1ODIwOTAzMDh9fX1dfQ__&Signature=Nr5K7eP3izu61vRdGtTFIarSsqSrBFydTbV2UHV-rEHRVqp-CcMKckWrhARg0KLLz5fVdPeyZfDIboriukpBm863T9LJDJxORGzJ-CxtYuQavW~9hBQjcKL3K~yOk6NhGwuLCiP0ifpnn03qeWSZbhNCFqvIbsg0l8k6EZmygKqjOLN-3dk5K-22msU7LgR1KFiN4EkmK13LcIHJt8hI42ljMIjPNIOZh24KViHd2ay5xkfk1W~H3cT8eaQyxJkz2mwy5XlFcj-mvFEPXOiYWnrZ9U2vDeb0Eb4bB~3Az7~4xiD6x8EH3HYiGFtQvz4fPxGC1ZBo9psY-m6FlcOBWg__&Key-Pair-Id=APKAI6TU7MMXM5DG6EPQ
[api][27][66]https://api.soundcloud.com/tracks/285758845?client_id=Ud2k52mOdIEuIAUogCnrcqEgJOKrcIbv
[inf][27][66]Dance & EDM
[img][27][66]https://i1.sndcdn.com/artworks-000219620854-jeksn1-t500x500.jpg
[inf][28][65]downloading "Desmeon - Back From The Dead [NCS Release]"...
[api][28][65]https://api-v2.soundcloud.com/media/soundcloud:tracks:256929759/56c898b4-c685-477b-ab8d-0910d9d66a36/stream/progressive?client_id=Ud2k52mOdIEuIAUogCnrcqEgJOKrcIbv
[dow][28][65]https://soundcloud.com/nocopyrightsounds/desmeon-back-from-the-dead-ncs-release -> https://cf-media.sndcdn.com/RtTS2LNsMzyT.128.mp3?Policy=eyJTdGF0ZW1lbnQiOlt7IlJlc291cmNlIjoiKjovL2NmLW1lZGlhLnNuZGNkbi5jb20vUnRUUzJMTnNNenlULjEyOC5tcDMiLCJDb25kaXRpb24iOnsiRGF0ZUxlc3NUaGFuIjp7IkFXUzpFcG9jaFRpbWUiOjE1ODIwOTAzNjR9fX1dfQ__&Signature=C8rCjIYGuvM8TDfHRmMDRX-mWJRbTi4tRLEQS2UvD3mL-PJux9KDUHjBiaMxKrvAGG3cDozz~76SN-2zXSxgb4kL9e9JffuS8pySBdH4ioErG6jWI2SbhOIi3R4~pkuU6q78dBKswXZSP3R3d5sw8B5UrkSwSoDzwhLGS6tPaIHRZ35fJLZQiyzYLC6a2Dx3sVtSJFhwdPRcKnKuYvY~u39E~dX02u0FbRX16FZfzTkAGoEvY5Ja8ZHEUNV6Ypr2WNC5fY1bdRTEfNY3Gi5y5SXacfQFZQwI-1RZCryr6Ru6--f6Q7SYn8CC6AGvlm5V-wk10-g6lFLUACSLfovDtA__&Key-Pair-Id=APKAI6TU7MMXM5DG6EPQ
[api][28][65]https://api.soundcloud.com/tracks/256929759?client_id=Ud2k52mOdIEuIAUogCnrcqEgJOKrcIbv
[inf][28][65]Dubstep
[img][28][65]https://i1.sndcdn.com/artworks-000156055311-ymd5p7-t500x500.jpg
[inf][29][64]downloading "Panda Eyes - Radiate"...
[api][29][64]https://api-v2.soundcloud.com/media/soundcloud:tracks:246243964/8c61ae6e-1479-4628-81b3-2502d4da3997/stream/progressive?client_id=Ud2k52mOdIEuIAUogCnrcqEgJOKrcIbv
[dow][29][64]https://soundcloud.com/officialpandaeyes/panda-eyes-radiate-1 -> https://cf-media.sndcdn.com/kpa1alKm58ql.128.mp3?Policy=eyJTdGF0ZW1lbnQiOlt7IlJlc291cmNlIjoiKjovL2NmLW1lZGlhLnNuZGNkbi5jb20va3BhMWFsS201OHFsLjEyOC5tcDMiLCJDb25kaXRpb24iOnsiRGF0ZUxlc3NUaGFuIjp7IkFXUzpFcG9jaFRpbWUiOjE1ODIwOTA0MDV9fX1dfQ__&Signature=JNLCpAHfR5VZcdTL1c8ffmqH1iPeJunjGLIKPPkoC~L0312MILI8Tkj1dZ-lH9bPuFR~Y0S2VfkParzf4ifCyTZbqE4GH5ea7kISkVmCgauJ5XZ6RPpj0kNaowDvSUS6jZYpRjql9oVy3kJd7xIBXbB6scuUUZVdYPTbQYVgbiZkU-mKc~NR6SIVBBFiQHnbRbBK3Z~jJ8aIt2CREaKRUsAqDRe8Q5fjKkjCEDJLNtSxCwKFct1mqPiC4iZODO5VQtYtegEAOzpdk3SHDixitG7~MeZIAS7hxJr0C1cF34fQ9PeaA0SJ7Sq09QLv9~MJ3zJOvW281aMLoIEC3i35eg__&Key-Pair-Id=APKAI6TU7MMXM5DG6EPQ
[api][29][64]https://api.soundcloud.com/tracks/246243964?client_id=Ud2k52mOdIEuIAUogCnrcqEgJOKrcIbv
[inf][29][64]Dubstep
[img][29][64]https://i1.sndcdn.com/artworks-000146516276-i3skb1-t500x500.jpg
[inf][30][63]downloading "Panda Eyes X Shivaji - Aurora"...
[api][30][63]https://api-v2.soundcloud.com/media/soundcloud:tracks:267887680/292efeae-485a-496e-ab9b-881c476a0839/stream/progressive?client_id=Ud2k52mOdIEuIAUogCnrcqEgJOKrcIbv
[dow][30][63]https://soundcloud.com/officialpandaeyes/panda-eyes-x-shivaji-aurora-2 -> https://cf-media.sndcdn.com/vajfD6qnuMZl.128.mp3?Policy=eyJTdGF0ZW1lbnQiOlt7IlJlc291cmNlIjoiKjovL2NmLW1lZGlhLnNuZGNkbi5jb20vdmFqZkQ2cW51TVpsLjEyOC5tcDMiLCJDb25kaXRpb24iOnsiRGF0ZUxlc3NUaGFuIjp7IkFXUzpFcG9jaFRpbWUiOjE1ODIwOTAzNDR9fX1dfQ__&Signature=a1VMeyghfdRFvShVDOLQRc6VZ6M1lPu6wj93WiZTig83XEawZanWYeVtpzT5zaKqLkIQK3cJ5-KGDyHf5ufVQ8pnWncXJnwVXjwI8g8Lfsc9M8hdYiiiUgbYDHj1KN~xpFIk~C-mK2kHUR4NDh5dDcI0k-uIedGWVKVzIiIoIdwYoWndEnoaogjqrXaajPwbUIqUypPpQoO2bVzye61W~6UbzYeTXHDZy7UmODszRcMZ6ODSziDZ5LA3Bn-OyxA5dFGyJNLUv~STxXLN1gPOss0tMTP8wq2rFtqb9mAOc0kOGvZ3X6iCrM86DWMkB0RN08FVzFE53wMdtXSm5gz0-g__&Key-Pair-Id=APKAI6TU7MMXM5DG6EPQ
[api][30][63]https://api.soundcloud.com/tracks/267887680?client_id=Ud2k52mOdIEuIAUogCnrcqEgJOKrcIbv
[inf][30][63]Panda Eyes
[img][30][63]https://i1.sndcdn.com/artworks-000166263263-h4drgv-t500x500.jpg
[inf][31][62]downloading "Panda Eyes - Artificial"...
[api][31][62]https://api-v2.soundcloud.com/media/soundcloud:tracks:264795763/e88a5a5c-6694-4a15-84be-3044db36d091/stream/progressive?client_id=Ud2k52mOdIEuIAUogCnrcqEgJOKrcIbv
[dow][31][62]https://soundcloud.com/officialpandaeyes/panda-eyes-artificial-1 -> https://cf-media.sndcdn.com/mSeLKaSdy3hr.128.mp3?Policy=eyJTdGF0ZW1lbnQiOlt7IlJlc291cmNlIjoiKjovL2NmLW1lZGlhLnNuZGNkbi5jb20vbVNlTEthU2R5M2hyLjEyOC5tcDMiLCJDb25kaXRpb24iOnsiRGF0ZUxlc3NUaGFuIjp7IkFXUzpFcG9jaFRpbWUiOjE1ODIwOTA0NjB9fX1dfQ__&Signature=gB8JVAMjy7AVgFc6cE6YXMs7amO-jfbMFskJNuwcYxRWZbqiuP3Mgmp1OtK9j70ip7KiXzbJYUt~AZRESEXGj9~7WyduTsYzBE6-BxDVwcXyrdm6ZaE-MjTUkvEZFqAamdQuc~TBH6LskilYFFIHJoRADi7Lp12sE1XQ9ZhB~uGNBy7HYFJFduFZCvZkzzkrk66xMV3FRotI3GItWEPLARlkrRHCgI4hDSz7yHQKLyyxuiDydcZOU9PrLHrN74F2~vXnPCGTRiq7vPXgAXlWML0g4D1EqdV3-djgRCECKgKCajQXrRCOWzGKE6iGFU0wE3x7ge2x3HQnm2M176QQJA__&Key-Pair-Id=APKAI6TU7MMXM5DG6EPQ
[api][31][62]https://api.soundcloud.com/tracks/264795763?client_id=Ud2k52mOdIEuIAUogCnrcqEgJOKrcIbv
[inf][31][62]Dubstep
[img][31][62]https://i1.sndcdn.com/artworks-000163452708-qrz9pn-t500x500.jpg
[inf][32][61]downloading "Panda Eyes - Pump It Up"...
[api][32][61]https://api-v2.soundcloud.com/media/soundcloud:tracks:247074539/cd6a2954-d393-41e0-8ae5-c05a6e1f59dd/stream/progressive?client_id=Ud2k52mOdIEuIAUogCnrcqEgJOKrcIbv
[dow][32][61]https://soundcloud.com/officialpandaeyes/panda-eyes-pump-it-up-1 -> https://cf-media.sndcdn.com/qvcRRcNvVB8l.128.mp3?Policy=eyJTdGF0ZW1lbnQiOlt7IlJlc291cmNlIjoiKjovL2NmLW1lZGlhLnNuZGNkbi5jb20vcXZjUlJjTnZWQjhsLjEyOC5tcDMiLCJDb25kaXRpb24iOnsiRGF0ZUxlc3NUaGFuIjp7IkFXUzpFcG9jaFRpbWUiOjE1ODIwOTAzMDd9fX1dfQ__&Signature=X5NsLVpRPSO~FlULcBinZmGGOigF6B7y7IxxVeZbmt5XgrLvoqeCPaSZLBIsRIlsRAKfQ1pJFjsLzEArOxbJViKCeBFoX5pZFP4zgkyAp~~nxgQBniIEc7Q22terUHAWZX713lnr5IXWe6egS6ClN3R9C~3NlYAUYCSBs8-lmRY85pMEFKwVyWKh6CsLzpByeKbKA6CLlWzY~Jr7x4lXyYCJ58Mv-Nyy4l-gma7nGEJfK8wWpIlVUS4dnicNPF97wYLElYO7VUjgvlo8D26TDytvLZOCaa-Su21mLgE5Zvtzd1ydGTvUxoZHGz-xFu9xZHqR~6lRsqclXqm6V7jYgQ__&Key-Pair-Id=APKAI6TU7MMXM5DG6EPQ
[api][32][61]https://api.soundcloud.com/tracks/247074539?client_id=Ud2k52mOdIEuIAUogCnrcqEgJOKrcIbv
[inf][32][61]Dubstep
[img][32][61]https://i1.sndcdn.com/artworks-000147170134-33jmqr-t500x500.jpg
[inf][33][60]downloading "Bukez Finezt - Graveyard Shift (Ft. Virtual Riot)[Out Now]"...
[api][33][60]https://api-v2.soundcloud.com/media/soundcloud:tracks:290250163/5ca555fd-6a5d-42f3-b794-55366ac515f3/stream/progressive?client_id=Ud2k52mOdIEuIAUogCnrcqEgJOKrcIbv
[dow][33][60]https://soundcloud.com/disciple/graveyardshift -> https://cf-media.sndcdn.com/GM8K7O6kpnk9.128.mp3?Policy=eyJTdGF0ZW1lbnQiOlt7IlJlc291cmNlIjoiKjovL2NmLW1lZGlhLnNuZGNkbi5jb20vR004SzdPNmtwbms5LjEyOC5tcDMiLCJDb25kaXRpb24iOnsiRGF0ZUxlc3NUaGFuIjp7IkFXUzpFcG9jaFRpbWUiOjE1ODIwOTA0NTJ9fX1dfQ__&Signature=M7DhXnf9JhWiYk6zHNPTzifbKScyrvHX9PARIaqdlpuBvWBFG63ErXQP1QnnvM5QvqPE9ID7gqpQQua0EiD~ffqHRdV3Poeitk71iX5sPYntd3d-aVQ8j~ATfWmESUR0pwPfdDJ-JpSvLV2j7muATI30wsUHhcAYTnK7Em0WF-I0UpOP8h1-HF9CQJsw5GslSezaCERwKVvQDzMAooY97JuHvs37Xjmaiy49vWt3JTgiBXxl5fae07EYMrlWg8WOgvP2M3lvNoHE4KznzWwOq3W79RyPgASus6AAbUza5l4FgwhnOaD5H6tOlxwH5Wu0BVZ~PYD10B~wflxS5Gx8Fw__&Key-Pair-Id=APKAI6TU7MMXM5DG6EPQ
[api][33][60]https://api.soundcloud.com/tracks/290250163?client_id=Ud2k52mOdIEuIAUogCnrcqEgJOKrcIbv
[inf][33][60]Dubstep
[img][33][60]https://i1.sndcdn.com/artworks-000190910122-eeby8e-t500x500.jpg
[inf][34][59]downloading "Nasko - My Name Is"...
[api][34][59]https://api-v2.soundcloud.com/media/soundcloud:tracks:289508490/ce2d7d3e-2ebb-47f8-8b55-57db05f41ac5/stream/progressive?client_id=Ud2k52mOdIEuIAUogCnrcqEgJOKrcIbv
[dow][34][59]https://soundcloud.com/mavericksplaylist/nasko-my-name-is -> https://cf-media.sndcdn.com/yZULLOhittSz.128.mp3?Policy=eyJTdGF0ZW1lbnQiOlt7IlJlc291cmNlIjoiKjovL2NmLW1lZGlhLnNuZGNkbi5jb20veVpVTExPaGl0dFN6LjEyOC5tcDMiLCJDb25kaXRpb24iOnsiRGF0ZUxlc3NUaGFuIjp7IkFXUzpFcG9jaFRpbWUiOjE1ODIwOTAzNzh9fX1dfQ__&Signature=NWT0aRB-5oM4zCAYQqsq7lCrXiEYJ1HoZLWntNskC8~7zLQzUlIrgWPuQJ4w2W9ZrkXLQuDyULBOQyUVK5T2DZ9MVZIMHUHjSYnvtA0KQ-B7p15i-KXGr1MapRqGrISwi13QhTF4zw6qIVdKV84W44-4trrX9dvul0WfgJUNWvOztp-A8I~-LgO8Uf792bS4Vw2Bm1f598nVXDHPgKXLVKNOZon3OhoNY7e~tt3N8silCFVf04qvk6FZFnOiUx6raATbXy3GIDUEyTWwHECveomgwa-Y~1kHDXA--zS3~x3Flp~MHXYpvKbl82C~KDlq56L4VenlFKzHN4-0CSFbWA__&Key-Pair-Id=APKAI6TU7MMXM5DG6EPQ
[api][34][59]https://api.soundcloud.com/tracks/289508490?client_id=Ud2k52mOdIEuIAUogCnrcqEgJOKrcIbv
[inf][34][59]Glitch Hop
[img][34][59]https://i1.sndcdn.com/artworks-000190213846-21bav9-t500x500.jpg
[inf][34][58]unsupported data type, skipping...
[inf][35][57]downloading "Sadkey - Ought (Nitro Fun Edit)"...
[api][35][57]https://api-v2.soundcloud.com/media/soundcloud:tracks:288086062/ad32b4d7-2f2b-4dc2-9222-7d59050f9941/stream/progressive?client_id=Ud2k52mOdIEuIAUogCnrcqEgJOKrcIbv
[dow][35][57]https://soundcloud.com/nitrofun/ought -> https://cf-media.sndcdn.com/3tVoLX3uvQPm.128.mp3?Policy=eyJTdGF0ZW1lbnQiOlt7IlJlc291cmNlIjoiKjovL2NmLW1lZGlhLnNuZGNkbi5jb20vM3RWb0xYM3V2UVBtLjEyOC5tcDMiLCJDb25kaXRpb24iOnsiRGF0ZUxlc3NUaGFuIjp7IkFXUzpFcG9jaFRpbWUiOjE1ODIwOTAyMjh9fX1dfQ__&Signature=TsV1OPhZl7Gb9TJAI8~SIJgJY5~Wq5Wtd9pQ2msML5Oohm03pniJLenLRUy-nWRxwtuSdkYVkumAzzG3Czioxoe8vWWiHjYb15Lttp-zptjmcSA1fhVfa41tdvBp~U2WrOisAslFZtwZOvLkRUYYwMAZXH9ARd9eP-TS7cC9if92T6rYFlbdts~EDwxahikM2jCcmsgAsCJywxQ2-tujOqpTmTW~OwOan3DSx~EcSwQk~aylHHu5~VldXEi0SYLpjmd4iXw3W9l6aQyZSTIq42V~VFK6ALmWbljMaEwJ1tPdXQ9CwXtikEMkZ2eq9WsjbnERtngpIrXnsN5T7Z-j2g__&Key-Pair-Id=APKAI6TU7MMXM5DG6EPQ
[api][35][57]https://api.soundcloud.com/tracks/288086062?client_id=Ud2k52mOdIEuIAUogCnrcqEgJOKrcIbv
[inf][35][57]Future Bass
[img][35][57]https://i1.sndcdn.com/artworks-000595927464-n5nmi9-t500x500.jpg
[inf][36][56]downloading "Avicii 'Levels' Skrillex Remix"...
[api][36][56]https://api-v2.soundcloud.com/media/soundcloud:tracks:31204641/e98f81eb-f4f7-460f-9edc-b14f2b8732eb/stream/progressive?client_id=Ud2k52mOdIEuIAUogCnrcqEgJOKrcIbv
[dow][36][56]https://soundcloud.com/skrillex/avicii-levels-skrillex-remix -> https://cf-media.sndcdn.com/tNWNhYRRxU4x.128.mp3?Policy=eyJTdGF0ZW1lbnQiOlt7IlJlc291cmNlIjoiKjovL2NmLW1lZGlhLnNuZGNkbi5jb20vdE5XTmhZUlJ4VTR4LjEyOC5tcDMiLCJDb25kaXRpb24iOnsiRGF0ZUxlc3NUaGFuIjp7IkFXUzpFcG9jaFRpbWUiOjE1ODIwOTA0MjR9fX1dfQ__&Signature=bIXa53NdDS9T0Tg-rxWCO1OMZR54rlivxP0kMaUIfomVqQCOtg4o9EYbdJ-jJnbcm3MC3rgm2u6G87OPhqb5J7MYeb69uFKDV9sWhhG53Yl4vwIoBZ3-swDj1QFJnnmqbbpUumBrIzKqEzrfn59b2i3wke4Zc08NTfYCbT7~bOgFMBx6q6nEJlLTbB16C-WpawUNFu90Rh8OaPwgp3dskFeEuoQ9FTHFvFG5y~PtmWN~HpIocntYW2CD90ruoXK9mTGPgkgfx1iN~wECDBP-lrz0rZOiBhADl0PyTXBNgEOq~yURsUAhLE8vjC~H8AITYvCw49SqaZBbjOFef~1ZcA__&Key-Pair-Id=APKAI6TU7MMXM5DG6EPQ
[api][36][56]https://api.soundcloud.com/tracks/31204641?client_id=Ud2k52mOdIEuIAUogCnrcqEgJOKrcIbv
[inf][36][56]dubstep
[img][36][56]https://i1.sndcdn.com/artworks-000015659522-gjoytk-t500x500.jpg
[inf][37][55]downloading "Four Eyes - Before The Storm"...
[api][37][55]https://api-v2.soundcloud.com/media/soundcloud:tracks:293713179/847b6526-baf5-4212-8122-df776507248d/stream/progressive?client_id=Ud2k52mOdIEuIAUogCnrcqEgJOKrcIbv
[dow][37][55]https://soundcloud.com/dubstepgutter/before-the-storm -> https://cf-media.sndcdn.com/c7YzzvzWR7bs.128.mp3?Policy=eyJTdGF0ZW1lbnQiOlt7IlJlc291cmNlIjoiKjovL2NmLW1lZGlhLnNuZGNkbi5jb20vYzdZenp2eldSN2JzLjEyOC5tcDMiLCJDb25kaXRpb24iOnsiRGF0ZUxlc3NUaGFuIjp7IkFXUzpFcG9jaFRpbWUiOjE1ODIwOTAzODJ9fX1dfQ__&Signature=XJDjxq1SImnyajI-3WsInQ-sRlcQg3kc5PPSEJ49Z0kH5ws5UjSKWZ8BEWT1j9ErzdjzPld4a7aqr~DvWBi2ZgegtXIxrFzPONUs8uoOWyePirtryZCuvE3I0EA9pPMSJkzoPRziOowPnKCKliwBHg7g-m1Anr8YGMtdujxC08Eyt-UhWKFU8I1KJy2Tl9f-OyPplOPN0Fy-SVdRK05L29KW6E3wx7OkyI2PF~fCOccTGqkv8Y~YL0AFysxSloEkarc1RqM~w5XEUXXme2brBHoBtuunjl7YlJoWLLHKSnV-EtRvfywtULNDtQQ-igHlM8flSpfjRIit~T4bjeC4SQ__&Key-Pair-Id=APKAI6TU7MMXM5DG6EPQ
[api][37][55]https://api.soundcloud.com/tracks/293713179?client_id=Ud2k52mOdIEuIAUogCnrcqEgJOKrcIbv
[inf][37][55]Dubstep
[img][37][55]https://i1.sndcdn.com/artworks-000194251612-7m48f2-t500x500.jpg
[inf][38][54]downloading "Skybreak - Waves"...
[api][38][54]https://api-v2.soundcloud.com/media/soundcloud:tracks:293831297/4f823688-2eee-4082-8fa8-03b32b7397cc/stream/progressive?client_id=Ud2k52mOdIEuIAUogCnrcqEgJOKrcIbv
[dow][38][54]https://soundcloud.com/dubstepgutter/skybreak-waves -> https://cf-media.sndcdn.com/Wjs1xqEMlWFx.128.mp3?Policy=eyJTdGF0ZW1lbnQiOlt7IlJlc291cmNlIjoiKjovL2NmLW1lZGlhLnNuZGNkbi5jb20vV2pzMXhxRU1sV0Z4LjEyOC5tcDMiLCJDb25kaXRpb24iOnsiRGF0ZUxlc3NUaGFuIjp7IkFXUzpFcG9jaFRpbWUiOjE1ODIwOTA0Mjl9fX1dfQ__&Signature=D9IRBp3u005v~IRaBlVXt3dTAB8-eJetMym7vliDQKLLwj2ae55QgodqEu5q7EXzJ-2Eb7XEdEFBANZAL3bcZmf~M88APPXbf53wiIl4WdsowOcPU8COOqITLIqAE5Wb4xGGJlqzz3kHeHtYVSnnp0L-5QTKrZdBD43OkSTVm~f4SKS-U-SrZm8-7DMbwDfigS4Jf9YuXuLB2TV~cHz7YpZo5vrQVRot4MSde2cj5pjGYlmZfKmFC-msGiVIhGOhehuRJBL3xZv0InUQUiKHSXuMtIMSvIcf6Cp5IrAqJPYkqAnIJilvW5PfNIJupSHU5jDEgGXzS2xwHp5RJgcnnw__&Key-Pair-Id=APKAI6TU7MMXM5DG6EPQ
[api][38][54]https://api.soundcloud.com/tracks/293831297?client_id=Ud2k52mOdIEuIAUogCnrcqEgJOKrcIbv
[inf][38][54]Dubstep
[img][38][54]https://i1.sndcdn.com/artworks-000194377220-a0gp4l-t500x500.jpg
[inf][39][53]downloading "Desmeon - Hellcat [NCS Release]"...
[api][39][53]https://api-v2.soundcloud.com/media/soundcloud:tracks:230960737/ef664166-d395-401d-9152-f4c1a71279fe/stream/progressive?client_id=Ud2k52mOdIEuIAUogCnrcqEgJOKrcIbv
[dow][39][53]https://soundcloud.com/nocopyrightsounds/desmeon-hellcat-ncs-release -> https://cf-media.sndcdn.com/z1uKhbaW2xhR.128.mp3?Policy=eyJTdGF0ZW1lbnQiOlt7IlJlc291cmNlIjoiKjovL2NmLW1lZGlhLnNuZGNkbi5jb20vejF1S2hiYVcyeGhSLjEyOC5tcDMiLCJDb25kaXRpb24iOnsiRGF0ZUxlc3NUaGFuIjp7IkFXUzpFcG9jaFRpbWUiOjE1ODIwOTAzNzB9fX1dfQ__&Signature=I8GE0GVx5UvavfktGyJu1LkhK3eyls3VPjPE9i4vy0FkAtdYl5~8oDhKNryB8hA3iIKkRNaOvSdBFysgveNtwPQ-baa1O8wpJ~yb768SxSGsbl60MwDLSvp3GaF6s9BmipRvS5vM1mgedjZL9q5DTebU3IOUVPM3QEhwn8VQrYRH5hSetlAx1tGY0xNxaXnVspH3OP3zyfGGFtAi4P2Z8O48K3Mh7f~cyvWG3oJBrKfMUlJxxUhXpRlhnCB6ZYq9baiKBUumhBjpRSTj2UTu1Cj4ZbyQM3w-MYyhgVh~a5xXHmp6scTl~OpOX9A3BlRsnr2cnZBcSEaxUz8EdyrT4Q__&Key-Pair-Id=APKAI6TU7MMXM5DG6EPQ
[api][39][53]https://api.soundcloud.com/tracks/230960737?client_id=Ud2k52mOdIEuIAUogCnrcqEgJOKrcIbv
[inf][39][53]Drumstep
[img][39][53]https://i1.sndcdn.com/artworks-000134599098-q8tx71-t500x500.jpg
[inf][40][52]downloading "Ill Gates & Stephen Jacobs - Bounce ft Mayor Apeshit (Kris Cayden Official Remix)"...
[api][40][52]https://api-v2.soundcloud.com/media/soundcloud:tracks:292597927/fc0d0887-f45b-44cc-9c6f-ef786f07abd6/stream/progressive?client_id=Ud2k52mOdIEuIAUogCnrcqEgJOKrcIbv
[dow][40][52]https://soundcloud.com/kris_cayden/ill-gates-stephen-jacobs-bounce-ft-mayor-apeshit-kris-cayden-official-remix -> https://cf-media.sndcdn.com/G3Wxtus8oLqg.128.mp3?Policy=eyJTdGF0ZW1lbnQiOlt7IlJlc291cmNlIjoiKjovL2NmLW1lZGlhLnNuZGNkbi5jb20vRzNXeHR1czhvTHFnLjEyOC5tcDMiLCJDb25kaXRpb24iOnsiRGF0ZUxlc3NUaGFuIjp7IkFXUzpFcG9jaFRpbWUiOjE1ODIwOTAzODd9fX1dfQ__&Signature=MRFnKL47mmxHHo1-Ae3JqEWsolLBVRr~ytlVIdVP82~861svmu33WFqZOdLbyH2MHqRdKaDTEX63Khs0W-OIsRHz~x3-QZWLqkDF205lUeUMlB3Wz~a01yeaTlf2bCUN-tmCt0Uf-DlDdzEVv~HD0WXmevsfUZCKeBMQP0KHK-zvX1MDQPZlsSYiDcZjO4b51gcqLkirzqxGGfofmR891lmtI7z1ZckN~pCnrngqSPq~zWDW5~4mkA11~oLmKVXDi09DPQQESJO-4lkYS-X~a-k1L9AWnKFj8v0HszqQZxSDhHgUxlRnEfTcICJHd6IaTqvK-67PPXTBoiBuibauGQ__&Key-Pair-Id=APKAI6TU7MMXM5DG6EPQ
[api][40][52]https://api.soundcloud.com/tracks/292597927?client_id=Ud2k52mOdIEuIAUogCnrcqEgJOKrcIbv
[inf][40][52]Dubstep
[img][40][52]https://i1.sndcdn.com/artworks-000193124780-bovvcr-t500x500.jpg
[inf][41][51]downloading "Why? (Free Download)"...
[api][41][51]https://api-v2.soundcloud.com/media/soundcloud:tracks:293859968/9b8f3b2a-0150-419e-8a9e-1e717ea39ac0/stream/progressive?client_id=Ud2k52mOdIEuIAUogCnrcqEgJOKrcIbv
[dow][41][51]https://soundcloud.com/wearespacedout/why-free-download -> https://cf-media.sndcdn.com/9q8O41pD9fr3.128.mp3?Policy=eyJTdGF0ZW1lbnQiOlt7IlJlc291cmNlIjoiKjovL2NmLW1lZGlhLnNuZGNkbi5jb20vOXE4TzQxcEQ5ZnIzLjEyOC5tcDMiLCJDb25kaXRpb24iOnsiRGF0ZUxlc3NUaGFuIjp7IkFXUzpFcG9jaFRpbWUiOjE1ODIwOTAzNTh9fX1dfQ__&Signature=Abdj-PEsudCw71HqxS1Mi-LBcJeuUGBqoKusvY-fzgkda0MLPKrkl1AyeSVnlBMoVzR0teZ02wdGf4bpWYn0U1rcOhVb4yPDK8I8NLKapIvxL17oX5v741QjQsMV0tSRdBRoagK8RrVlr5-ARJZLR0BtT5VtujwfyDOVyxYVt3G42PDPW8g5SylA7FQsTmsoHfdgC7ShDyrFx6Ueg-BC8P2o0bt6XbyqBEP~iPVMpxEkkl08xHfR8RcOy-zKpbwizfWbhZtceF0WUonHRjNiwkQciY0399hAq~Yvukpk64gCRGvIOvJk7TXTzSNQrR84MGucM5G-iuhWhUWwnoa0tA__&Key-Pair-Id=APKAI6TU7MMXM5DG6EPQ
[api][41][51]https://api.soundcloud.com/tracks/293859968?client_id=Ud2k52mOdIEuIAUogCnrcqEgJOKrcIbv
[inf][41][51]Dubstep
[img][41][51]https://i1.sndcdn.com/artworks-000194412888-ky1hc8-t500x500.jpg
[inf][42][50]downloading "Skrillex - Kyoto feat Sirah"...
[api][42][50]https://api-v2.soundcloud.com/media/soundcloud:tracks:45719021/95296362-c51e-4b58-a877-2363645d0d99/stream/progressive?client_id=Ud2k52mOdIEuIAUogCnrcqEgJOKrcIbv
[dow][42][50]https://soundcloud.com/skrillex/skrillex-kyoto-feat-sirah -> https://cf-media.sndcdn.com/HVURqoTamO2A.128.mp3?Policy=eyJTdGF0ZW1lbnQiOlt7IlJlc291cmNlIjoiKjovL2NmLW1lZGlhLnNuZGNkbi5jb20vSFZVUnFvVGFtTzJBLjEyOC5tcDMiLCJDb25kaXRpb24iOnsiRGF0ZUxlc3NUaGFuIjp7IkFXUzpFcG9jaFRpbWUiOjE1ODIwOTAzNDZ9fX1dfQ__&Signature=SSO0f7rjNsWQzuBlOVQBqHP1vsvcQ8XYyvxb96GL~X2ELIl9gZAuXEVt4c5KfzVtcrw8cCvIV1gMTXwnhI3~zMLnB2RttnhXPpeHEgaDZaZcWd9RTntaEoa706ZzogWUS~1L9TtWGzSqPbtVBHtbPGFrEZA1Q7RN0myTSVxZxYAWPQvMz4TYH0tVT65pdjZNjbE6vuJbsNdkWBxV1ge8FYjsjfhSY2e9uRmDfRMwlMK1D6KceatkpaAgNHvLUp3eT1Ls08yzERZzdTMmXxu5zDLKR5JQFea6dNZnkmeIhkXeTp96qYAUzfEAhXOy7O9WKm7r1nXuv-Zkz7vFrraApg__&Key-Pair-Id=APKAI6TU7MMXM5DG6EPQ
[api][42][50]https://api.soundcloud.com/tracks/45719021?client_id=Ud2k52mOdIEuIAUogCnrcqEgJOKrcIbv
[inf][42][50]Skrillex
[img][42][50]https://i1.sndcdn.com/artworks-000080856811-txh7cq-t500x500.jpg
[inf][43][49]downloading "Quartus Saul – Los Angeles (Tim Ismag Remix)"...
[api][43][49]https://api-v2.soundcloud.com/media/soundcloud:tracks:152803507/21d78a26-e784-4a2c-97ca-da7ac4b932a5/stream/progressive?client_id=Ud2k52mOdIEuIAUogCnrcqEgJOKrcIbv
[dow][43][49]https://soundcloud.com/junicsc/quartus-saul-los-angeles-tim-ismag-remix -> https://cf-media.sndcdn.com/ZJxAfDQtRGZu.128.mp3?Policy=eyJTdGF0ZW1lbnQiOlt7IlJlc291cmNlIjoiKjovL2NmLW1lZGlhLnNuZGNkbi5jb20vWkp4QWZEUXRSR1p1LjEyOC5tcDMiLCJDb25kaXRpb24iOnsiRGF0ZUxlc3NUaGFuIjp7IkFXUzpFcG9jaFRpbWUiOjE1ODIwOTAzODJ9fX1dfQ__&Signature=O-NtyRRu3CLDqSomgrPp~hbZYsjLs~xnBmJfFisKURmzVd1jig5kUoJXogoWJC4g8DQWA5VUTL~8jh4joc5SSvPpbAi7ARtvP05qJnGx~qcMxHZzerm3lE0O3G60dYsuLSbyrgzkovEVuVf2qhlgSzc6p1Tj1WRQORoD4iN7sjq-94A5WlcE8RP3dnLX8jMBZIOD8dtw5j84l8B67QElcpE~uGp1yqJYhr0HSMj9OCTNlzp9ZoTKCAdjHJzqq8F37OKoJZjbbpXIJNmGHGrvE~jnhd1U4fkq7V5vzD846Fpyq70HM05QO14OaaHyajCbLSbev~pZfOKbD6Mzgrw4Iw__&Key-Pair-Id=APKAI6TU7MMXM5DG6EPQ
[cya][43][49]Traceback (most recent call last):
  File "./soundcloud-api-release3.py", line 178, in <module>
    with requests.get(url, stream=True) as r:
  File "/home/ec2-user/.local/lib/python3.7/site-packages/requests/api.py", line 75, in get
    return request('get', url, params=params, **kwargs)
  File "/home/ec2-user/.local/lib/python3.7/site-packages/requests/api.py", line 60, in request
    return session.request(method=method, url=url, **kwargs)
  File "/home/ec2-user/.local/lib/python3.7/site-packages/requests/sessions.py", line 533, in request
    resp = self.send(prep, **send_kwargs)
  File "/home/ec2-user/.local/lib/python3.7/site-packages/requests/sessions.py", line 646, in send
    r = adapter.send(request, **kwargs)
  File "/home/ec2-user/.local/lib/python3.7/site-packages/requests/adapters.py", line 449, in send
    timeout=timeout
  File "/home/ec2-user/.local/lib/python3.7/site-packages/urllib3/connectionpool.py", line 672, in urlopen
    chunked=chunked,
  File "/home/ec2-user/.local/lib/python3.7/site-packages/urllib3/connectionpool.py", line 376, in _make_request
    self._validate_conn(conn)
  File "/home/ec2-user/.local/lib/python3.7/site-packages/urllib3/connectionpool.py", line 994, in _validate_conn
    conn.connect()
  File "/home/ec2-user/.local/lib/python3.7/site-packages/urllib3/connection.py", line 360, in connect
    ssl_context=context,
  File "/home/ec2-user/.local/lib/python3.7/site-packages/urllib3/util/ssl_.py", line 336, in ssl_wrap_socket
    context.load_verify_locations(ca_certs, ca_cert_dir)
KeyboardInterrupt
